* installing *source* package ‘sm’ ...
** using staged installation
** libs
clang -I"/Library/Frameworks/R.framework/Resources/include" -DNDEBUG   -I/usr/local/include   -fPIC  -Wall -g -O2  -c fgamma.c -o fgamma.o
clang -I"/Library/Frameworks/R.framework/Resources/include" -DNDEBUG   -I/usr/local/include   -fPIC  -Wall -g -O2  -c init.c -o init.o
gfortran -mmacosx-version-min=10.13 -fno-optimize-sibling-calls  -fPIC  -Wall -g -O2  -c  variogram.f90 -o variogram.o
clang -dynamiclib -Wl,-headerpad_max_install_names -undefined dynamic_lookup -single_module -multiply_defined suppress -L/Library/Frameworks/R.framework/Resources/lib -L/usr/local/lib -o sm.so fgamma.o init.o variogram.o -L/usr/local/gfortran/lib/gcc/x86_64-apple-darwin18/8.2.0 -L/usr/local/gfortran/lib -lgfortran -lquadmath -lm -F/Library/Frameworks/R.framework/.. -framework R -Wl,-framework -Wl,CoreFoundation
ld: warning: directory not found for option '-L/usr/local/gfortran/lib/gcc/x86_64-apple-darwin18/8.2.0'
installing to /Users/adrianbowman/research/sm2.2-5.7-not-yet-released/sm.Rcheck/00LOCK-sm/00new/sm/libs
** R
** data
*** moving datasets to lazyload DB
** inst
** byte-compile and prepare package for lazy loading
** help
*** installing help indices
** building package indices
** testing if installed package can be loaded from temporary location
** checking absolute paths in shared objects and dynamic libraries
** testing if installed package can be loaded from final location
** testing if installed package keeps a record of temporary installation path
* DONE (sm)
