Hmm ... looks like a package

This is pdfTeX, Version 3.14159265-2.6-1.40.18 (TeX Live 2017) (preloaded format=pdflatex)
 restricted \write18 enabled.
entering extended mode
LaTeX2e <2017-04-15>
Babel <3.10> and hyphenation patterns for 84 language(s) loaded.

(./Rd2.tex
(/usr/local/texlive/2017/texmf-dist/tex/latex/base/book.cls
Document Class: book 2014/09/29 v1.4h Standard LaTeX document class
(/usr/local/texlive/2017/texmf-dist/tex/latex/base/bk10.clo))
(/Library/Frameworks/R.framework/Resources/share/texmf/tex/latex/Rd.sty
(/usr/local/texlive/2017/texmf-dist/tex/latex/base/ifthen.sty)
(/usr/local/texlive/2017/texmf-dist/tex/latex/tools/longtable.sty)
(/usr/local/texlive/2017/texmf-dist/tex/latex/tools/bm.sty)
(/usr/local/texlive/2017/texmf-dist/tex/latex/base/alltt.sty)
(/usr/local/texlive/2017/texmf-dist/tex/latex/tools/verbatim.sty)
(/usr/local/texlive/2017/texmf-dist/tex/latex/url/url.sty)
(/usr/local/texlive/2017/texmf-dist/tex/latex/base/textcomp.sty
(/usr/local/texlive/2017/texmf-dist/tex/latex/base/ts1enc.def))
(/usr/local/texlive/2017/texmf-dist/tex/latex/base/fontenc.sty
(/usr/local/texlive/2017/texmf-dist/tex/latex/base/t1enc.def))
(/usr/local/texlive/2017/texmf-dist/tex/latex/psnfss/times.sty)
(/usr/local/texlive/2017/texmf-dist/tex/latex/inconsolata/zi4.sty
`inconsolata-zi4' v1.112, 2017/01/04 Text macros for Inconsolata (msharpe)
(/usr/local/texlive/2017/texmf-dist/tex/latex/xkeyval/xkeyval.sty
(/usr/local/texlive/2017/texmf-dist/tex/generic/xkeyval/xkeyval.tex
(/usr/local/texlive/2017/texmf-dist/tex/generic/xkeyval/xkvutils.tex
(/usr/local/texlive/2017/texmf-dist/tex/generic/xkeyval/keyval.tex)))))
(/usr/local/texlive/2017/texmf-dist/tex/latex/graphics/color.sty
(/usr/local/texlive/2017/texmf-dist/tex/latex/graphics-cfg/color.cfg)
(/usr/local/texlive/2017/texmf-dist/tex/latex/graphics-def/pdftex.def
(/usr/local/texlive/2017/texmf-dist/tex/generic/oberdiek/infwarerr.sty)
(/usr/local/texlive/2017/texmf-dist/tex/generic/oberdiek/ltxcmds.sty)))
(/usr/local/texlive/2017/texmf-dist/tex/latex/hyperref/hyperref.sty
(/usr/local/texlive/2017/texmf-dist/tex/generic/oberdiek/hobsub-hyperref.sty
(/usr/local/texlive/2017/texmf-dist/tex/generic/oberdiek/hobsub-generic.sty))
(/usr/local/texlive/2017/texmf-dist/tex/generic/ifxetex/ifxetex.sty)
(/usr/local/texlive/2017/texmf-dist/tex/latex/oberdiek/auxhook.sty)
(/usr/local/texlive/2017/texmf-dist/tex/latex/oberdiek/kvoptions.sty)
(/usr/local/texlive/2017/texmf-dist/tex/latex/hyperref/pd1enc.def)
(/usr/local/texlive/2017/texmf-dist/tex/latex/latexconfig/hyperref.cfg))

Package hyperref Message: Driver (autodetected): hpdftex.

(/usr/local/texlive/2017/texmf-dist/tex/latex/hyperref/hpdftex.def
(/usr/local/texlive/2017/texmf-dist/tex/latex/oberdiek/rerunfilecheck.sty))

Package hyperref Warning: Option `hyperindex' has already been used,
(hyperref)                setting the option has no effect on input line 377.


Package hyperref Warning: Option `pagebackref' has already been used,
(hyperref)                setting the option has no effect on input line 377.

) (/usr/local/texlive/2017/texmf-dist/tex/latex/base/makeidx.sty)
(/usr/local/texlive/2017/texmf-dist/tex/latex/base/inputenc.sty
(/usr/local/texlive/2017/texmf-dist/tex/latex/base/utf8.def
(/usr/local/texlive/2017/texmf-dist/tex/latex/base/t1enc.dfu)
(/usr/local/texlive/2017/texmf-dist/tex/latex/base/ot1enc.dfu)
(/usr/local/texlive/2017/texmf-dist/tex/latex/base/omsenc.dfu)
(/usr/local/texlive/2017/texmf-dist/tex/latex/base/ts1enc.dfu))
(/usr/local/texlive/2017/texmf-dist/tex/latex/base/latin1.def))
Writing index file Rd2.idx
No file Rd2.aux.
(/usr/local/texlive/2017/texmf-dist/tex/latex/base/ts1cmr.fd)
(/usr/local/texlive/2017/texmf-dist/tex/latex/psnfss/t1ptm.fd)
(/usr/local/texlive/2017/texmf-dist/tex/context/base/mkii/supp-pdf.mkii
[Loading MPS to PDF converter (version 2006.09.02).]
) (/usr/local/texlive/2017/texmf-dist/tex/latex/hyperref/nameref.sty
(/usr/local/texlive/2017/texmf-dist/tex/generic/oberdiek/gettitlestring.sty))
(/usr/local/texlive/2017/texmf-dist/tex/latex/inconsolata/t1zi4.fd)
(/usr/local/texlive/2017/texmf-dist/tex/latex/psnfss/ts1ptm.fd)
(/usr/local/texlive/2017/texmf-dist/tex/latex/psnfss/t1phv.fd)
(/usr/local/texlive/2017/texmf-dist/tex/latex/base/utf8.def) [1{/usr/local/texl
ive/2017/texmf-var/fonts/map/pdftex/updmap/pdftex.map}]
(/usr/local/texlive/2017/texmf-dist/tex/latex/base/utf8.def)
(/usr/local/texlive/2017/texmf-dist/tex/latex/base/utf8.def) [2]
Overfull \hbox (3.32986pt too wide) in paragraph at lines 125--130
\T1/ptm/m/n/10 Specif-i-cally, it is used by \T1/zi4/m/n/10 sm.density\T1/ptm/m
/n/10 , \T1/zi4/m/n/10 sm.regression\T1/ptm/m/n/10 , \T1/zi4/m/n/10 sm.ancova\T
1/ptm/m/n/10 , \T1/zi4/m/n/10 sm.binomial \T1/ptm/m/n/10 and \T1/zi4/m/n/10 sm.
poisson\T1/ptm/m/n/10 . 
(/usr/local/texlive/2017/texmf-dist/tex/latex/base/utf8.def) [3]
(/usr/local/texlive/2017/texmf-dist/tex/latex/base/utf8.def)
(/usr/local/texlive/2017/texmf-dist/tex/latex/base/utf8.def) [4]
(/usr/local/texlive/2017/texmf-dist/tex/latex/base/utf8.def)
(/usr/local/texlive/2017/texmf-dist/tex/latex/base/utf8.def)
(/usr/local/texlive/2017/texmf-dist/tex/latex/base/utf8.def) [5]
(/usr/local/texlive/2017/texmf-dist/tex/latex/base/utf8.def)
(/usr/local/texlive/2017/texmf-dist/tex/latex/base/utf8.def)
(/usr/local/texlive/2017/texmf-dist/tex/latex/base/utf8.def)
Overfull \vbox (18.06589pt too high) has occurred while \output is active
[6] (/usr/local/texlive/2017/texmf-dist/tex/latex/base/utf8.def)
(/usr/local/texlive/2017/texmf-dist/tex/latex/base/utf8.def) [7] [8]
(/usr/local/texlive/2017/texmf-dist/tex/latex/base/utf8.def) [9] [10]
(/usr/local/texlive/2017/texmf-dist/tex/latex/base/utf8.def)
(/usr/local/texlive/2017/texmf-dist/tex/latex/base/utf8.def) [11]
(/usr/local/texlive/2017/texmf-dist/tex/latex/base/utf8.def) [12] [13]
(/usr/local/texlive/2017/texmf-dist/tex/latex/base/utf8.def)
(/usr/local/texlive/2017/texmf-dist/tex/latex/base/utf8.def)
(/usr/local/texlive/2017/texmf-dist/tex/latex/base/utf8.def) [14]
(/usr/local/texlive/2017/texmf-dist/tex/latex/base/utf8.def) [15]
Underfull \vbox (badness 10000) has occurred while \output is active [16]
(/usr/local/texlive/2017/texmf-dist/tex/latex/base/utf8.def)
(/usr/local/texlive/2017/texmf-dist/tex/latex/base/utf8.def)
Overfull \hbox (9.36734pt too wide) in paragraph at lines 962--963
[]\T1/ptm/m/n/10 Cobb, G. (1978). The prob-lem of the Nile: con-di-tional so-lu
-tion to a change-point prob-lem. Biometrika
(/usr/local/texlive/2017/texmf-dist/tex/latex/base/utf8.def) [17]
(/usr/local/texlive/2017/texmf-dist/tex/latex/base/utf8.def) [18]
(/usr/local/texlive/2017/texmf-dist/tex/latex/base/utf8.def) [19]
(/usr/local/texlive/2017/texmf-dist/tex/latex/base/utf8.def)
(/usr/local/texlive/2017/texmf-dist/tex/latex/base/utf8.def)
(/usr/local/texlive/2017/texmf-dist/tex/latex/base/utf8.def) [20]
Overfull \hbox (12.40799pt too wide) in paragraph at lines 1211--1215
[]\T1/ptm/m/n/10 messages are printed on the com-mand win-dow, de-scrib-ing pro
gress of the op-er-a-tion. If \T1/zi4/m/n/10 describe=TRUE
[21] (/usr/local/texlive/2017/texmf-dist/tex/latex/base/utf8.def)
(/usr/local/texlive/2017/texmf-dist/tex/latex/base/utf8.def) [22]
(/usr/local/texlive/2017/texmf-dist/tex/latex/base/utf8.def)
Overfull \hbox (57.2504pt too wide) in paragraph at lines 1347--1354
\T1/ptm/m/n/10 by the user are: \T1/zi4/m/n/10 h.select\T1/ptm/m/n/10 , \T1/zi4
/m/n/10 binning\T1/ptm/m/n/10 , \T1/zi4/m/n/10 sm.ancova\T1/ptm/m/n/10 , \T1/zi
4/m/n/10 sm.autoregression\T1/ptm/m/n/10 , \T1/zi4/m/n/10 sm.binomial\T1/ptm/m/
n/10 , \T1/zi4/m/n/10 sm.binomial.bootstrap\T1/ptm/m/n/10 ,

Overfull \hbox (4.401pt too wide) in paragraph at lines 1347--1354
\T1/zi4/m/n/10 sm.poisson\T1/ptm/m/n/10 , \T1/zi4/m/n/10 sm.poisson.bootstrap\T
1/ptm/m/n/10 , \T1/zi4/m/n/10 sm.options\T1/ptm/m/n/10 , \T1/zi4/m/n/10 sm.rm\T
1/ptm/m/n/10 , \T1/zi4/m/n/10 sm.script\T1/ptm/m/n/10 , \T1/zi4/m/n/10 sm.spher
e\T1/ptm/m/n/10 , \T1/zi4/m/n/10 sm.survival\T1/ptm/m/n/10 ,
[23]
Overfull \hbox (3.448pt too wide) in paragraph at lines 1365--1368
[]\T1/ptm/m/n/10 R ver-sion >= 3.1.0. Pack-ages \T1/zi4/m/n/10 gam \T1/ptm/m/n/
10 and \T1/zi4/m/n/10 akima \T1/ptm/m/n/10 are used by some of the scripts laun
ched via \T1/zi4/m/n/10 sm.script\T1/ptm/m/n/10 ,
(/usr/local/texlive/2017/texmf-dist/tex/latex/base/utf8.def) [24] [25]
(/usr/local/texlive/2017/texmf-dist/tex/latex/base/utf8.def) [26]
(/usr/local/texlive/2017/texmf-dist/tex/latex/base/utf8.def) [27]
(/usr/local/texlive/2017/texmf-dist/tex/latex/inconsolata/ts1zi4.fd)
(/usr/local/texlive/2017/texmf-dist/tex/latex/base/utf8.def) [28]
(/usr/local/texlive/2017/texmf-dist/tex/latex/base/utf8.def) [29] [30]
(/usr/local/texlive/2017/texmf-dist/tex/latex/base/utf8.def) [31]
(/usr/local/texlive/2017/texmf-dist/tex/latex/base/utf8.def) [32] [33] [34]
(/usr/local/texlive/2017/texmf-dist/tex/latex/base/utf8.def)
Overfull \hbox (8.98898pt too wide) in paragraph at lines 2222--2224
[]\T1/ptm/m/n/10 an in-di-ca-tor of whether the re-sponse vari-able is on a \T1
/zi4/m/n/10 "continuous" \T1/ptm/m/n/10 or \T1/zi4/m/n/10 "binomial"
[35]
Overfull \hbox (17.3482pt too wide) in paragraph at lines 2261--2265
[]\T1/ptm/m/n/10 a plot of the curves gen-er-ated by the boot-strap pro-ce-dure
 is pro-duced, un-less the op-tion \T1/zi4/m/n/10 display="none"

Overfull \hbox (31.77779pt too wide) in paragraph at lines 2268--2271
[]\T1/ptm/m/n/10 Bowman, A.W., Jones, M.C. and Gi-j-bels, I. (1998). Test-ing m
ono-tonic-ity of re-gres-sion. \T1/ptm/m/it/10 J.Comp.Graph.Stat.
(/usr/local/texlive/2017/texmf-dist/tex/latex/base/utf8.def) [36]
Overfull \hbox (2.06827pt too wide) in paragraph at lines 2334--2337
[]\T1/ptm/m/n/10 a pa-ram-e-ter, ly-ing be-tween 0 and 1, which con-trols the t
rans-parency
[37]
Overfull \hbox (69.07866pt too wide) in paragraph at lines 2370--2373
\T1/ptm/m/n/10 an rgl dis-play, for re-gres-sion with two co-vari-ates. De-faul
t: \T1/zi4/m/n/10 col.palette=topo.colors(12)\T1/ptm/m/n/10 . 

Overfull \hbox (17.81868pt too wide) in paragraph at lines 2388--2391
[]\T1/ptm/m/n/10 logical flag whi-ich af-fects the be-haviour of \T1/zi4/m/n/10
 sm.script \T1/ptm/m/n/10 and \T1/zi4/m/n/10 provide.data\T1/ptm/m/n/10 .

Overfull \hbox (36.19829pt too wide) in paragraph at lines 2392--2393
[]\T1/ptm/m/n/10 approximate degrees-of-freedom of the smooth-ing pa-ram-e-ter 
used in \T1/zi4/m/n/10 sm.regression\T1/ptm/m/n/10 ,

Overfull \hbox (27.0286pt too wide) in paragraph at lines 2417--2418
\T1/ptm/m/n/10 fomed at points ob-tained by the cross-product of the two column
s of \T1/zi4/m/n/10 eval.points\T1/ptm/m/n/10 .
[38] [39]
Overfull \hbox (25.27824pt too wide) in paragraph at lines 2555--2563
\T1/ptm/m/n/10 tings. The de-fault is \T1/zi4/m/n/10 "scaled"\T1/ptm/m/n/10 , w
hich uses the struc-ture (h*sd(x[,1]), h*sd(x[,2])).
[40] (/usr/local/texlive/2017/texmf-dist/tex/latex/base/utf8.def) [41]
Overfull \hbox (13.04996pt too wide) in paragraph at lines 2686--2687
\T1/ptm/m/n/10 this func-tion are \T1/zi4/m/n/10 display \T1/ptm/m/n/10 (\T1/zi
4/m/n/10 "eigenvalues"\T1/ptm/m/n/10 , \T1/zi4/m/n/10 "eigenvectors"\T1/ptm/m/n
/10 ), \T1/zi4/m/n/10 ngrid \T1/ptm/m/n/10 and \T1/zi4/m/n/10 df\T1/ptm/m/n/10 
. See \T1/zi4/m/n/10 link{sm.options}
[42] [43] (/usr/local/texlive/2017/texmf-dist/tex/latex/base/utf8.def)
Overfull \hbox (19.88994pt too wide) in paragraph at lines 2829--2842
\T1/zi4/m/n/10 eval.points\T1/ptm/m/n/10 , \T1/zi4/m/n/10 nbins\T1/ptm/m/n/10 ,
 \T1/zi4/m/n/10 ngrid\T1/ptm/m/n/10 , \T1/zi4/m/n/10 pch\T1/ptm/m/n/10 , \T1/zi
4/m/n/10 xlab\T1/ptm/m/n/10 , \T1/zi4/m/n/10 ylab\T1/ptm/m/n/10 ; see the doc-u
-men-ta-tion of [][]\T1/zi4/m/n/10 sm.options[][][]
[44] (/usr/local/texlive/2017/texmf-dist/tex/latex/base/utf8.def) [45]
(/usr/local/texlive/2017/texmf-dist/tex/latex/base/utf8.def) [46]
Overfull \hbox (9.56934pt too wide) in paragraph at lines 3018--3045
\T1/ptm/m/n/10 vant for this func-tion are the fol-low-ing: \T1/zi4/m/n/10 disp
lay\T1/ptm/m/n/10 , \T1/zi4/m/n/10 hmult\T1/ptm/m/n/10 , \T1/zi4/m/n/10 h.weigh
ts\T1/ptm/m/n/10 , \T1/zi4/m/n/10 poly.index\T1/ptm/m/n/10 ,

Overfull \hbox (30.99092pt too wide) in paragraph at lines 3018--3045
\T1/zi4/m/n/10 hull\T1/ptm/m/n/10 , \T1/zi4/m/n/10 panel\T1/ptm/m/n/10 , \T1/zi
4/m/n/10 panel.plot\T1/ptm/m/n/10 , \T1/zi4/m/n/10 lty\T1/ptm/m/n/10 , \T1/zi4/
m/n/10 col\T1/ptm/m/n/10 , \T1/zi4/m/n/10 col.band\T1/ptm/m/n/10 , \T1/zi4/m/n/
10 col.mesh\T1/ptm/m/n/10 , \T1/zi4/m/n/10 col.points\T1/ptm/m/n/10 , \T1/zi4/m
/n/10 col.palette\T1/ptm/m/n/10 ;
[47]
Overfull \hbox (23.92102pt too wide) in paragraph at lines 3129--3133
[][][]\T1/zi4/m/n/10 hcv[][][]\T1/ptm/m/n/10 , [][]\T1/zi4/m/n/10 sm[][][]\T1/p
tm/m/n/10 , [][]\T1/zi4/m/n/10 sm.ancova[][][]\T1/ptm/m/n/10 , [][]\T1/zi4/m/n/
10 sm.binomial[][][]\T1/ptm/m/n/10 , [][]\T1/zi4/m/n/10 sm.poisson[][][]\T1/ptm
/m/n/10 , [][]\T1/zi4/m/n/10 sm.regression.autocor[][][]\T1/ptm/m/n/10 , [][]\T
1/zi4/m/n/10 sm.survival[][][]\T1/ptm/m/n/10 , [][]\T1/zi4/m/n/10 sm.options[][
][]\T1/ptm/m/n/10 ,
[48] (/usr/local/texlive/2017/texmf-dist/tex/latex/base/utf8.def) [49]
(/usr/local/texlive/2017/texmf-dist/tex/latex/base/utf8.def)
Overfull \hbox (25.29898pt too wide) in paragraph at lines 3314--3317
[]\T1/ptm/m/n/10 poly.index over-all de-gree of locally-fitted poly-no-mial, as
 used by \T1/zi4/m/n/10 sm.regression\T1/ptm/m/n/10 .
[50] (/usr/local/texlive/2017/texmf-dist/tex/latex/base/utf8.def) [51]
(/usr/local/texlive/2017/texmf-dist/tex/latex/base/utf8.def) [52]
(/usr/local/texlive/2017/texmf-dist/tex/latex/base/utf8.def) [53] [54]
(/usr/local/texlive/2017/texmf-dist/tex/latex/base/utf8.def) [55]
(/usr/local/texlive/2017/texmf-dist/tex/latex/base/utf8.def) [56]
(/usr/local/texlive/2017/texmf-dist/tex/latex/base/utf8.def) [57]
(/usr/local/texlive/2017/texmf-dist/tex/latex/base/utf8.def) [58]
(/usr/local/texlive/2017/texmf-dist/tex/latex/base/utf8.def) [59] [60] [61]
Underfull \vbox (badness 10000) has occurred while \output is active [62]
(/usr/local/texlive/2017/texmf-dist/tex/latex/base/utf8.def)
(/usr/local/texlive/2017/texmf-dist/tex/latex/base/utf8.def)
(/usr/local/texlive/2017/texmf-dist/tex/latex/base/utf8.def) [63]
(/usr/local/texlive/2017/texmf-dist/tex/latex/base/utf8.def)
(/usr/local/texlive/2017/texmf-dist/tex/latex/base/utf8.def) [64]
(/usr/local/texlive/2017/texmf-dist/tex/latex/base/utf8.def)
(/usr/local/texlive/2017/texmf-dist/tex/latex/base/utf8.def)
No file Rd2.ind.
[65]
(/private/var/folders/n8/g_bt9wl975lgkq_jqf34l2s40000gq/T/RtmpfTerrD/Rd2pdf1272
3c067187/Rd2.aux)

Package rerunfilecheck Warning: File `Rd2.out' has changed.
(rerunfilecheck)                Rerun to get outlines right
(rerunfilecheck)                or use package `bookmark'.

 )
(see the transcript file for additional information)pdfTeX warning (dest): name
{Rfn.optim} has been referenced but does not exist, replaced by a fixed one

pdfTeX warning (dest): name{Rfn.glm} has been referenced but does not exist, re
placed by a fixed one

pdfTeX warning (dest): name{Rfn.attach} has been referenced but does not exist,
 replaced by a fixed one

pdfTeX warning (dest): name{Rfn.data.frame} has been referenced but does not ex
ist, replaced by a fixed one

pdfTeX warning (dest): name{Rfn.faithful} has been referenced but does not exis
t, replaced by a fixed one

pdfTeX warning (dest): name{Rfn.table} has been referenced but does not exist, 
replaced by a fixed one

pdfTeX warning (dest): name{Rfn.cut} has been referenced but does not exist, re
placed by a fixed one

{/usr/local/texlive/2017/texmf-dist/fonts/enc/dvips/inconsolata/i4-ts1.enc}{/us
r/local/texlive/2017/texmf-dist/fonts/enc/dvips/base/8r.enc}{/usr/local/texlive
/2017/texmf-dist/fonts/enc/dvips/inconsolata/i4-t1-0.enc}</usr/local/texlive/20
17/texmf-dist/fonts/type1/public/inconsolata/Inconsolata-zi4r.pfb></usr/local/t
exlive/2017/texmf-dist/fonts/type1/urw/helvetic/uhvr8a.pfb></usr/local/texlive/
2017/texmf-dist/fonts/type1/urw/times/utmb8a.pfb></usr/local/texlive/2017/texmf
-dist/fonts/type1/urw/times/utmr8a.pfb></usr/local/texlive/2017/texmf-dist/font
s/type1/urw/times/utmr8a.pfb></usr/local/texlive/2017/texmf-dist/fonts/type1/ur
w/times/utmri8a.pfb>
Output written on Rd2.pdf (65 pages, 238552 bytes).
Transcript written on Rd2.log.
This is pdfTeX, Version 3.14159265-2.6-1.40.18 (TeX Live 2017) (preloaded format=pdflatex)
 restricted \write18 enabled.
entering extended mode
LaTeX2e <2017-04-15>
Babel <3.10> and hyphenation patterns for 84 language(s) loaded.

(./Rd2.tex
(/usr/local/texlive/2017/texmf-dist/tex/latex/base/book.cls
Document Class: book 2014/09/29 v1.4h Standard LaTeX document class
(/usr/local/texlive/2017/texmf-dist/tex/latex/base/bk10.clo))
(/Library/Frameworks/R.framework/Resources/share/texmf/tex/latex/Rd.sty
(/usr/local/texlive/2017/texmf-dist/tex/latex/base/ifthen.sty)
(/usr/local/texlive/2017/texmf-dist/tex/latex/tools/longtable.sty)
(/usr/local/texlive/2017/texmf-dist/tex/latex/tools/bm.sty)
(/usr/local/texlive/2017/texmf-dist/tex/latex/base/alltt.sty)
(/usr/local/texlive/2017/texmf-dist/tex/latex/tools/verbatim.sty)
(/usr/local/texlive/2017/texmf-dist/tex/latex/url/url.sty)
(/usr/local/texlive/2017/texmf-dist/tex/latex/base/textcomp.sty
(/usr/local/texlive/2017/texmf-dist/tex/latex/base/ts1enc.def))
(/usr/local/texlive/2017/texmf-dist/tex/latex/base/fontenc.sty
(/usr/local/texlive/2017/texmf-dist/tex/latex/base/t1enc.def))
(/usr/local/texlive/2017/texmf-dist/tex/latex/psnfss/times.sty)
(/usr/local/texlive/2017/texmf-dist/tex/latex/inconsolata/zi4.sty
`inconsolata-zi4' v1.112, 2017/01/04 Text macros for Inconsolata (msharpe)
(/usr/local/texlive/2017/texmf-dist/tex/latex/xkeyval/xkeyval.sty
(/usr/local/texlive/2017/texmf-dist/tex/generic/xkeyval/xkeyval.tex
(/usr/local/texlive/2017/texmf-dist/tex/generic/xkeyval/xkvutils.tex
(/usr/local/texlive/2017/texmf-dist/tex/generic/xkeyval/keyval.tex)))))
(/usr/local/texlive/2017/texmf-dist/tex/latex/graphics/color.sty
(/usr/local/texlive/2017/texmf-dist/tex/latex/graphics-cfg/color.cfg)
(/usr/local/texlive/2017/texmf-dist/tex/latex/graphics-def/pdftex.def
(/usr/local/texlive/2017/texmf-dist/tex/generic/oberdiek/infwarerr.sty)
(/usr/local/texlive/2017/texmf-dist/tex/generic/oberdiek/ltxcmds.sty)))
(/usr/local/texlive/2017/texmf-dist/tex/latex/hyperref/hyperref.sty
(/usr/local/texlive/2017/texmf-dist/tex/generic/oberdiek/hobsub-hyperref.sty
(/usr/local/texlive/2017/texmf-dist/tex/generic/oberdiek/hobsub-generic.sty))
(/usr/local/texlive/2017/texmf-dist/tex/generic/ifxetex/ifxetex.sty)
(/usr/local/texlive/2017/texmf-dist/tex/latex/oberdiek/auxhook.sty)
(/usr/local/texlive/2017/texmf-dist/tex/latex/oberdiek/kvoptions.sty)
(/usr/local/texlive/2017/texmf-dist/tex/latex/hyperref/pd1enc.def)
(/usr/local/texlive/2017/texmf-dist/tex/latex/latexconfig/hyperref.cfg))

Package hyperref Message: Driver (autodetected): hpdftex.

(/usr/local/texlive/2017/texmf-dist/tex/latex/hyperref/hpdftex.def
(/usr/local/texlive/2017/texmf-dist/tex/latex/oberdiek/rerunfilecheck.sty))

Package hyperref Warning: Option `hyperindex' has already been used,
(hyperref)                setting the option has no effect on input line 377.


Package hyperref Warning: Option `pagebackref' has already been used,
(hyperref)                setting the option has no effect on input line 377.

) (/usr/local/texlive/2017/texmf-dist/tex/latex/base/makeidx.sty)
(/usr/local/texlive/2017/texmf-dist/tex/latex/base/inputenc.sty
(/usr/local/texlive/2017/texmf-dist/tex/latex/base/utf8.def
(/usr/local/texlive/2017/texmf-dist/tex/latex/base/t1enc.dfu)
(/usr/local/texlive/2017/texmf-dist/tex/latex/base/ot1enc.dfu)
(/usr/local/texlive/2017/texmf-dist/tex/latex/base/omsenc.dfu)
(/usr/local/texlive/2017/texmf-dist/tex/latex/base/ts1enc.dfu))
(/usr/local/texlive/2017/texmf-dist/tex/latex/base/latin1.def))
Writing index file Rd2.idx

(/private/var/folders/n8/g_bt9wl975lgkq_jqf34l2s40000gq/T/RtmpfTerrD/Rd2pdf1272
3c067187/Rd2.aux) (/usr/local/texlive/2017/texmf-dist/tex/latex/base/ts1cmr.fd)
(/usr/local/texlive/2017/texmf-dist/tex/latex/psnfss/t1ptm.fd)
(/usr/local/texlive/2017/texmf-dist/tex/context/base/mkii/supp-pdf.mkii
[Loading MPS to PDF converter (version 2006.09.02).]
) (/usr/local/texlive/2017/texmf-dist/tex/latex/hyperref/nameref.sty
(/usr/local/texlive/2017/texmf-dist/tex/generic/oberdiek/gettitlestring.sty))
(/private/var/folders/n8/g_bt9wl975lgkq_jqf34l2s40000gq/T/RtmpfTerrD/Rd2pdf1272
3c067187/Rd2.out)
(/private/var/folders/n8/g_bt9wl975lgkq_jqf34l2s40000gq/T/RtmpfTerrD/Rd2pdf1272
3c067187/Rd2.out)
(/usr/local/texlive/2017/texmf-dist/tex/latex/inconsolata/t1zi4.fd)
(/usr/local/texlive/2017/texmf-dist/tex/latex/psnfss/ts1ptm.fd)
(/usr/local/texlive/2017/texmf-dist/tex/latex/psnfss/t1phv.fd)
(/private/var/folders/n8/g_bt9wl975lgkq_jqf34l2s40000gq/T/RtmpfTerrD/Rd2pdf1272
3c067187/Rd2.toc [1{/usr/local/texlive/2017/texmf-var/fonts/map/pdftex/updmap/p
dftex.map}]) (/usr/local/texlive/2017/texmf-dist/tex/latex/base/utf8.def)
[2] (/usr/local/texlive/2017/texmf-dist/tex/latex/base/utf8.def)
(/usr/local/texlive/2017/texmf-dist/tex/latex/base/utf8.def) [3]
Overfull \hbox (3.32986pt too wide) in paragraph at lines 125--130
\T1/ptm/m/n/10 Specif-i-cally, it is used by \T1/zi4/m/n/10 sm.density\T1/ptm/m
/n/10 , \T1/zi4/m/n/10 sm.regression\T1/ptm/m/n/10 , \T1/zi4/m/n/10 sm.ancova\T
1/ptm/m/n/10 , \T1/zi4/m/n/10 sm.binomial \T1/ptm/m/n/10 and \T1/zi4/m/n/10 sm.
poisson\T1/ptm/m/n/10 . 
(/usr/local/texlive/2017/texmf-dist/tex/latex/base/utf8.def) [4]
(/usr/local/texlive/2017/texmf-dist/tex/latex/base/utf8.def)
(/usr/local/texlive/2017/texmf-dist/tex/latex/base/utf8.def) [5]
(/usr/local/texlive/2017/texmf-dist/tex/latex/base/utf8.def)
(/usr/local/texlive/2017/texmf-dist/tex/latex/base/utf8.def)
(/usr/local/texlive/2017/texmf-dist/tex/latex/base/utf8.def) [6]
(/usr/local/texlive/2017/texmf-dist/tex/latex/base/utf8.def)
(/usr/local/texlive/2017/texmf-dist/tex/latex/base/utf8.def)
(/usr/local/texlive/2017/texmf-dist/tex/latex/base/utf8.def)
Overfull \vbox (18.06589pt too high) has occurred while \output is active
[7] (/usr/local/texlive/2017/texmf-dist/tex/latex/base/utf8.def)
(/usr/local/texlive/2017/texmf-dist/tex/latex/base/utf8.def) [8] [9]
(/usr/local/texlive/2017/texmf-dist/tex/latex/base/utf8.def) [10] [11]
(/usr/local/texlive/2017/texmf-dist/tex/latex/base/utf8.def)
(/usr/local/texlive/2017/texmf-dist/tex/latex/base/utf8.def) [12]
(/usr/local/texlive/2017/texmf-dist/tex/latex/base/utf8.def) [13] [14]
(/usr/local/texlive/2017/texmf-dist/tex/latex/base/utf8.def)
(/usr/local/texlive/2017/texmf-dist/tex/latex/base/utf8.def)
(/usr/local/texlive/2017/texmf-dist/tex/latex/base/utf8.def) [15]
(/usr/local/texlive/2017/texmf-dist/tex/latex/base/utf8.def) [16]
Underfull \vbox (badness 10000) has occurred while \output is active [17]
(/usr/local/texlive/2017/texmf-dist/tex/latex/base/utf8.def)
(/usr/local/texlive/2017/texmf-dist/tex/latex/base/utf8.def)
Overfull \hbox (9.36734pt too wide) in paragraph at lines 962--963
[]\T1/ptm/m/n/10 Cobb, G. (1978). The prob-lem of the Nile: con-di-tional so-lu
-tion to a change-point prob-lem. Biometrika
(/usr/local/texlive/2017/texmf-dist/tex/latex/base/utf8.def) [18]
(/usr/local/texlive/2017/texmf-dist/tex/latex/base/utf8.def) [19]
(/usr/local/texlive/2017/texmf-dist/tex/latex/base/utf8.def) [20]
(/usr/local/texlive/2017/texmf-dist/tex/latex/base/utf8.def)
(/usr/local/texlive/2017/texmf-dist/tex/latex/base/utf8.def)
(/usr/local/texlive/2017/texmf-dist/tex/latex/base/utf8.def) [21]
Overfull \hbox (12.40799pt too wide) in paragraph at lines 1211--1215
[]\T1/ptm/m/n/10 messages are printed on the com-mand win-dow, de-scrib-ing pro
gress of the op-er-a-tion. If \T1/zi4/m/n/10 describe=TRUE
[22] (/usr/local/texlive/2017/texmf-dist/tex/latex/base/utf8.def)
(/usr/local/texlive/2017/texmf-dist/tex/latex/base/utf8.def) [23]
(/usr/local/texlive/2017/texmf-dist/tex/latex/base/utf8.def)
Overfull \hbox (57.2504pt too wide) in paragraph at lines 1347--1354
\T1/ptm/m/n/10 by the user are: \T1/zi4/m/n/10 h.select\T1/ptm/m/n/10 , \T1/zi4
/m/n/10 binning\T1/ptm/m/n/10 , \T1/zi4/m/n/10 sm.ancova\T1/ptm/m/n/10 , \T1/zi
4/m/n/10 sm.autoregression\T1/ptm/m/n/10 , \T1/zi4/m/n/10 sm.binomial\T1/ptm/m/
n/10 , \T1/zi4/m/n/10 sm.binomial.bootstrap\T1/ptm/m/n/10 ,

Overfull \hbox (4.401pt too wide) in paragraph at lines 1347--1354
\T1/zi4/m/n/10 sm.poisson\T1/ptm/m/n/10 , \T1/zi4/m/n/10 sm.poisson.bootstrap\T
1/ptm/m/n/10 , \T1/zi4/m/n/10 sm.options\T1/ptm/m/n/10 , \T1/zi4/m/n/10 sm.rm\T
1/ptm/m/n/10 , \T1/zi4/m/n/10 sm.script\T1/ptm/m/n/10 , \T1/zi4/m/n/10 sm.spher
e\T1/ptm/m/n/10 , \T1/zi4/m/n/10 sm.survival\T1/ptm/m/n/10 ,
[24]
Overfull \hbox (3.448pt too wide) in paragraph at lines 1365--1368
[]\T1/ptm/m/n/10 R ver-sion >= 3.1.0. Pack-ages \T1/zi4/m/n/10 gam \T1/ptm/m/n/
10 and \T1/zi4/m/n/10 akima \T1/ptm/m/n/10 are used by some of the scripts laun
ched via \T1/zi4/m/n/10 sm.script\T1/ptm/m/n/10 ,
(/usr/local/texlive/2017/texmf-dist/tex/latex/base/utf8.def) [25] [26]
(/usr/local/texlive/2017/texmf-dist/tex/latex/base/utf8.def) [27]
(/usr/local/texlive/2017/texmf-dist/tex/latex/base/utf8.def) [28]
(/usr/local/texlive/2017/texmf-dist/tex/latex/inconsolata/ts1zi4.fd)
(/usr/local/texlive/2017/texmf-dist/tex/latex/base/utf8.def) [29]
(/usr/local/texlive/2017/texmf-dist/tex/latex/base/utf8.def) [30] [31]
(/usr/local/texlive/2017/texmf-dist/tex/latex/base/utf8.def) [32]
(/usr/local/texlive/2017/texmf-dist/tex/latex/base/utf8.def) [33] [34] [35]
(/usr/local/texlive/2017/texmf-dist/tex/latex/base/utf8.def)
Overfull \hbox (8.98898pt too wide) in paragraph at lines 2222--2224
[]\T1/ptm/m/n/10 an in-di-ca-tor of whether the re-sponse vari-able is on a \T1
/zi4/m/n/10 "continuous" \T1/ptm/m/n/10 or \T1/zi4/m/n/10 "binomial"
[36]
Overfull \hbox (17.3482pt too wide) in paragraph at lines 2261--2265
[]\T1/ptm/m/n/10 a plot of the curves gen-er-ated by the boot-strap pro-ce-dure
 is pro-duced, un-less the op-tion \T1/zi4/m/n/10 display="none"

Overfull \hbox (31.77779pt too wide) in paragraph at lines 2268--2271
[]\T1/ptm/m/n/10 Bowman, A.W., Jones, M.C. and Gi-j-bels, I. (1998). Test-ing m
ono-tonic-ity of re-gres-sion. \T1/ptm/m/it/10 J.Comp.Graph.Stat.
(/usr/local/texlive/2017/texmf-dist/tex/latex/base/utf8.def) [37]
Overfull \hbox (2.06827pt too wide) in paragraph at lines 2334--2337
[]\T1/ptm/m/n/10 a pa-ram-e-ter, ly-ing be-tween 0 and 1, which con-trols the t
rans-parency
[38]
Overfull \hbox (69.07866pt too wide) in paragraph at lines 2370--2373
\T1/ptm/m/n/10 an rgl dis-play, for re-gres-sion with two co-vari-ates. De-faul
t: \T1/zi4/m/n/10 col.palette=topo.colors(12)\T1/ptm/m/n/10 . 

Overfull \hbox (17.81868pt too wide) in paragraph at lines 2388--2391
[]\T1/ptm/m/n/10 logical flag whi-ich af-fects the be-haviour of \T1/zi4/m/n/10
 sm.script \T1/ptm/m/n/10 and \T1/zi4/m/n/10 provide.data\T1/ptm/m/n/10 .

Overfull \hbox (36.19829pt too wide) in paragraph at lines 2392--2393
[]\T1/ptm/m/n/10 approximate degrees-of-freedom of the smooth-ing pa-ram-e-ter 
used in \T1/zi4/m/n/10 sm.regression\T1/ptm/m/n/10 ,

Overfull \hbox (27.0286pt too wide) in paragraph at lines 2417--2418
\T1/ptm/m/n/10 fomed at points ob-tained by the cross-product of the two column
s of \T1/zi4/m/n/10 eval.points\T1/ptm/m/n/10 .
[39] [40]
Overfull \hbox (25.27824pt too wide) in paragraph at lines 2555--2563
\T1/ptm/m/n/10 tings. The de-fault is \T1/zi4/m/n/10 "scaled"\T1/ptm/m/n/10 , w
hich uses the struc-ture (h*sd(x[,1]), h*sd(x[,2])).
[41] (/usr/local/texlive/2017/texmf-dist/tex/latex/base/utf8.def) [42]
Overfull \hbox (13.04996pt too wide) in paragraph at lines 2686--2687
\T1/ptm/m/n/10 this func-tion are \T1/zi4/m/n/10 display \T1/ptm/m/n/10 (\T1/zi
4/m/n/10 "eigenvalues"\T1/ptm/m/n/10 , \T1/zi4/m/n/10 "eigenvectors"\T1/ptm/m/n
/10 ), \T1/zi4/m/n/10 ngrid \T1/ptm/m/n/10 and \T1/zi4/m/n/10 df\T1/ptm/m/n/10 
. See \T1/zi4/m/n/10 link{sm.options}
[43] [44] (/usr/local/texlive/2017/texmf-dist/tex/latex/base/utf8.def)
Overfull \hbox (19.88994pt too wide) in paragraph at lines 2829--2842
\T1/zi4/m/n/10 eval.points\T1/ptm/m/n/10 , \T1/zi4/m/n/10 nbins\T1/ptm/m/n/10 ,
 \T1/zi4/m/n/10 ngrid\T1/ptm/m/n/10 , \T1/zi4/m/n/10 pch\T1/ptm/m/n/10 , \T1/zi
4/m/n/10 xlab\T1/ptm/m/n/10 , \T1/zi4/m/n/10 ylab\T1/ptm/m/n/10 ; see the doc-u
-men-ta-tion of [][]\T1/zi4/m/n/10 sm.options[][][]
[45] (/usr/local/texlive/2017/texmf-dist/tex/latex/base/utf8.def) [46]
(/usr/local/texlive/2017/texmf-dist/tex/latex/base/utf8.def) [47]
Overfull \hbox (9.56934pt too wide) in paragraph at lines 3018--3045
\T1/ptm/m/n/10 vant for this func-tion are the fol-low-ing: \T1/zi4/m/n/10 disp
lay\T1/ptm/m/n/10 , \T1/zi4/m/n/10 hmult\T1/ptm/m/n/10 , \T1/zi4/m/n/10 h.weigh
ts\T1/ptm/m/n/10 , \T1/zi4/m/n/10 poly.index\T1/ptm/m/n/10 ,

Overfull \hbox (30.99092pt too wide) in paragraph at lines 3018--3045
\T1/zi4/m/n/10 hull\T1/ptm/m/n/10 , \T1/zi4/m/n/10 panel\T1/ptm/m/n/10 , \T1/zi
4/m/n/10 panel.plot\T1/ptm/m/n/10 , \T1/zi4/m/n/10 lty\T1/ptm/m/n/10 , \T1/zi4/
m/n/10 col\T1/ptm/m/n/10 , \T1/zi4/m/n/10 col.band\T1/ptm/m/n/10 , \T1/zi4/m/n/
10 col.mesh\T1/ptm/m/n/10 , \T1/zi4/m/n/10 col.points\T1/ptm/m/n/10 , \T1/zi4/m
/n/10 col.palette\T1/ptm/m/n/10 ;
[48]
Overfull \hbox (23.92102pt too wide) in paragraph at lines 3129--3133
[][][]\T1/zi4/m/n/10 hcv[][][]\T1/ptm/m/n/10 , [][]\T1/zi4/m/n/10 sm[][][]\T1/p
tm/m/n/10 , [][]\T1/zi4/m/n/10 sm.ancova[][][]\T1/ptm/m/n/10 , [][]\T1/zi4/m/n/
10 sm.binomial[][][]\T1/ptm/m/n/10 , [][]\T1/zi4/m/n/10 sm.poisson[][][]\T1/ptm
/m/n/10 , [][]\T1/zi4/m/n/10 sm.regression.autocor[][][]\T1/ptm/m/n/10 , [][]\T
1/zi4/m/n/10 sm.survival[][][]\T1/ptm/m/n/10 , [][]\T1/zi4/m/n/10 sm.options[][
][]\T1/ptm/m/n/10 ,
[49] (/usr/local/texlive/2017/texmf-dist/tex/latex/base/utf8.def) [50]
(/usr/local/texlive/2017/texmf-dist/tex/latex/base/utf8.def)
Overfull \hbox (25.29898pt too wide) in paragraph at lines 3314--3317
[]\T1/ptm/m/n/10 poly.index over-all de-gree of locally-fitted poly-no-mial, as
 used by \T1/zi4/m/n/10 sm.regression\T1/ptm/m/n/10 .
[51] (/usr/local/texlive/2017/texmf-dist/tex/latex/base/utf8.def) [52]
(/usr/local/texlive/2017/texmf-dist/tex/latex/base/utf8.def) [53]
(/usr/local/texlive/2017/texmf-dist/tex/latex/base/utf8.def) [54] [55]
(/usr/local/texlive/2017/texmf-dist/tex/latex/base/utf8.def) [56]
(/usr/local/texlive/2017/texmf-dist/tex/latex/base/utf8.def) [57]
(/usr/local/texlive/2017/texmf-dist/tex/latex/base/utf8.def) [58]
(/usr/local/texlive/2017/texmf-dist/tex/latex/base/utf8.def) [59]
(/usr/local/texlive/2017/texmf-dist/tex/latex/base/utf8.def) [60] [61] [62]
Underfull \vbox (badness 10000) has occurred while \output is active [63]
(/usr/local/texlive/2017/texmf-dist/tex/latex/base/utf8.def)
(/usr/local/texlive/2017/texmf-dist/tex/latex/base/utf8.def)
(/usr/local/texlive/2017/texmf-dist/tex/latex/base/utf8.def) [64]
(/usr/local/texlive/2017/texmf-dist/tex/latex/base/utf8.def)
(/usr/local/texlive/2017/texmf-dist/tex/latex/base/utf8.def) [65]
(/usr/local/texlive/2017/texmf-dist/tex/latex/base/utf8.def)
(/usr/local/texlive/2017/texmf-dist/tex/latex/base/utf8.def)
No file Rd2.ind.
[66]
(/private/var/folders/n8/g_bt9wl975lgkq_jqf34l2s40000gq/T/RtmpfTerrD/Rd2pdf1272
3c067187/Rd2.aux) )
(see the transcript file for additional information)pdfTeX warning (dest): name
{Rfn.optim} has been referenced but does not exist, replaced by a fixed one

pdfTeX warning (dest): name{Rfn.glm} has been referenced but does not exist, re
placed by a fixed one

pdfTeX warning (dest): name{Rfn.attach} has been referenced but does not exist,
 replaced by a fixed one

pdfTeX warning (dest): name{Rfn.data.frame} has been referenced but does not ex
ist, replaced by a fixed one

pdfTeX warning (dest): name{Rfn.faithful} has been referenced but does not exis
t, replaced by a fixed one

pdfTeX warning (dest): name{Rfn.table} has been referenced but does not exist, 
replaced by a fixed one

pdfTeX warning (dest): name{Rfn.cut} has been referenced but does not exist, re
placed by a fixed one

{/usr/local/texlive/2017/texmf-dist/fonts/enc/dvips/inconsolata/i4-ts1.enc}{/us
r/local/texlive/2017/texmf-dist/fonts/enc/dvips/base/8r.enc}{/usr/local/texlive
/2017/texmf-dist/fonts/enc/dvips/inconsolata/i4-t1-0.enc}</usr/local/texlive/20
17/texmf-dist/fonts/type1/public/inconsolata/Inconsolata-zi4r.pfb></usr/local/t
exlive/2017/texmf-dist/fonts/type1/urw/helvetic/uhvr8a.pfb></usr/local/texlive/
2017/texmf-dist/fonts/type1/urw/times/utmb8a.pfb></usr/local/texlive/2017/texmf
-dist/fonts/type1/urw/times/utmr8a.pfb></usr/local/texlive/2017/texmf-dist/font
s/type1/urw/times/utmr8a.pfb></usr/local/texlive/2017/texmf-dist/fonts/type1/ur
w/times/utmri8a.pfb>
Output written on Rd2.pdf (66 pages, 244652 bytes).
Transcript written on Rd2.log.
This is makeindex, version 2.15 [TeX Live 2017] (kpathsea + Thai support).
Scanning input file Rd2.idx....done (308 entries accepted, 0 rejected).
Sorting entries.....done (2658 comparisons).
Generating output file Rd2.ind....done (328 lines written, 2 warnings).
Output written in Rd2.ind.
Transcript written in Rd2.ilg.
This is pdfTeX, Version 3.14159265-2.6-1.40.18 (TeX Live 2017) (preloaded format=pdflatex)
 restricted \write18 enabled.
entering extended mode
LaTeX2e <2017-04-15>
Babel <3.10> and hyphenation patterns for 84 language(s) loaded.

(./Rd2.tex
(/usr/local/texlive/2017/texmf-dist/tex/latex/base/book.cls
Document Class: book 2014/09/29 v1.4h Standard LaTeX document class
(/usr/local/texlive/2017/texmf-dist/tex/latex/base/bk10.clo))
(/Library/Frameworks/R.framework/Resources/share/texmf/tex/latex/Rd.sty
(/usr/local/texlive/2017/texmf-dist/tex/latex/base/ifthen.sty)
(/usr/local/texlive/2017/texmf-dist/tex/latex/tools/longtable.sty)
(/usr/local/texlive/2017/texmf-dist/tex/latex/tools/bm.sty)
(/usr/local/texlive/2017/texmf-dist/tex/latex/base/alltt.sty)
(/usr/local/texlive/2017/texmf-dist/tex/latex/tools/verbatim.sty)
(/usr/local/texlive/2017/texmf-dist/tex/latex/url/url.sty)
(/usr/local/texlive/2017/texmf-dist/tex/latex/base/textcomp.sty
(/usr/local/texlive/2017/texmf-dist/tex/latex/base/ts1enc.def))
(/usr/local/texlive/2017/texmf-dist/tex/latex/base/fontenc.sty
(/usr/local/texlive/2017/texmf-dist/tex/latex/base/t1enc.def))
(/usr/local/texlive/2017/texmf-dist/tex/latex/psnfss/times.sty)
(/usr/local/texlive/2017/texmf-dist/tex/latex/inconsolata/zi4.sty
`inconsolata-zi4' v1.112, 2017/01/04 Text macros for Inconsolata (msharpe)
(/usr/local/texlive/2017/texmf-dist/tex/latex/xkeyval/xkeyval.sty
(/usr/local/texlive/2017/texmf-dist/tex/generic/xkeyval/xkeyval.tex
(/usr/local/texlive/2017/texmf-dist/tex/generic/xkeyval/xkvutils.tex
(/usr/local/texlive/2017/texmf-dist/tex/generic/xkeyval/keyval.tex)))))
(/usr/local/texlive/2017/texmf-dist/tex/latex/graphics/color.sty
(/usr/local/texlive/2017/texmf-dist/tex/latex/graphics-cfg/color.cfg)
(/usr/local/texlive/2017/texmf-dist/tex/latex/graphics-def/pdftex.def
(/usr/local/texlive/2017/texmf-dist/tex/generic/oberdiek/infwarerr.sty)
(/usr/local/texlive/2017/texmf-dist/tex/generic/oberdiek/ltxcmds.sty)))
(/usr/local/texlive/2017/texmf-dist/tex/latex/hyperref/hyperref.sty
(/usr/local/texlive/2017/texmf-dist/tex/generic/oberdiek/hobsub-hyperref.sty
(/usr/local/texlive/2017/texmf-dist/tex/generic/oberdiek/hobsub-generic.sty))
(/usr/local/texlive/2017/texmf-dist/tex/generic/ifxetex/ifxetex.sty)
(/usr/local/texlive/2017/texmf-dist/tex/latex/oberdiek/auxhook.sty)
(/usr/local/texlive/2017/texmf-dist/tex/latex/oberdiek/kvoptions.sty)
(/usr/local/texlive/2017/texmf-dist/tex/latex/hyperref/pd1enc.def)
(/usr/local/texlive/2017/texmf-dist/tex/latex/latexconfig/hyperref.cfg))

Package hyperref Message: Driver (autodetected): hpdftex.

(/usr/local/texlive/2017/texmf-dist/tex/latex/hyperref/hpdftex.def
(/usr/local/texlive/2017/texmf-dist/tex/latex/oberdiek/rerunfilecheck.sty))

Package hyperref Warning: Option `hyperindex' has already been used,
(hyperref)                setting the option has no effect on input line 377.


Package hyperref Warning: Option `pagebackref' has already been used,
(hyperref)                setting the option has no effect on input line 377.

) (/usr/local/texlive/2017/texmf-dist/tex/latex/base/makeidx.sty)
(/usr/local/texlive/2017/texmf-dist/tex/latex/base/inputenc.sty
(/usr/local/texlive/2017/texmf-dist/tex/latex/base/utf8.def
(/usr/local/texlive/2017/texmf-dist/tex/latex/base/t1enc.dfu)
(/usr/local/texlive/2017/texmf-dist/tex/latex/base/ot1enc.dfu)
(/usr/local/texlive/2017/texmf-dist/tex/latex/base/omsenc.dfu)
(/usr/local/texlive/2017/texmf-dist/tex/latex/base/ts1enc.dfu))
(/usr/local/texlive/2017/texmf-dist/tex/latex/base/latin1.def))
Writing index file Rd2.idx

(/private/var/folders/n8/g_bt9wl975lgkq_jqf34l2s40000gq/T/RtmpfTerrD/Rd2pdf1272
3c067187/Rd2.aux) (/usr/local/texlive/2017/texmf-dist/tex/latex/base/ts1cmr.fd)
(/usr/local/texlive/2017/texmf-dist/tex/latex/psnfss/t1ptm.fd)
(/usr/local/texlive/2017/texmf-dist/tex/context/base/mkii/supp-pdf.mkii
[Loading MPS to PDF converter (version 2006.09.02).]
) (/usr/local/texlive/2017/texmf-dist/tex/latex/hyperref/nameref.sty
(/usr/local/texlive/2017/texmf-dist/tex/generic/oberdiek/gettitlestring.sty))
(/private/var/folders/n8/g_bt9wl975lgkq_jqf34l2s40000gq/T/RtmpfTerrD/Rd2pdf1272
3c067187/Rd2.out)
(/private/var/folders/n8/g_bt9wl975lgkq_jqf34l2s40000gq/T/RtmpfTerrD/Rd2pdf1272
3c067187/Rd2.out)
(/usr/local/texlive/2017/texmf-dist/tex/latex/inconsolata/t1zi4.fd)
(/usr/local/texlive/2017/texmf-dist/tex/latex/psnfss/ts1ptm.fd)
(/usr/local/texlive/2017/texmf-dist/tex/latex/psnfss/t1phv.fd)
(/private/var/folders/n8/g_bt9wl975lgkq_jqf34l2s40000gq/T/RtmpfTerrD/Rd2pdf1272
3c067187/Rd2.toc [1{/usr/local/texlive/2017/texmf-var/fonts/map/pdftex/updmap/p
dftex.map}]) (/usr/local/texlive/2017/texmf-dist/tex/latex/base/utf8.def)
[2] (/usr/local/texlive/2017/texmf-dist/tex/latex/base/utf8.def)
(/usr/local/texlive/2017/texmf-dist/tex/latex/base/utf8.def) [3]
Overfull \hbox (3.32986pt too wide) in paragraph at lines 125--130
\T1/ptm/m/n/10 Specif-i-cally, it is used by \T1/zi4/m/n/10 sm.density\T1/ptm/m
/n/10 , \T1/zi4/m/n/10 sm.regression\T1/ptm/m/n/10 , \T1/zi4/m/n/10 sm.ancova\T
1/ptm/m/n/10 , \T1/zi4/m/n/10 sm.binomial \T1/ptm/m/n/10 and \T1/zi4/m/n/10 sm.
poisson\T1/ptm/m/n/10 . 
(/usr/local/texlive/2017/texmf-dist/tex/latex/base/utf8.def) [4]
(/usr/local/texlive/2017/texmf-dist/tex/latex/base/utf8.def)
(/usr/local/texlive/2017/texmf-dist/tex/latex/base/utf8.def) [5]
(/usr/local/texlive/2017/texmf-dist/tex/latex/base/utf8.def)
(/usr/local/texlive/2017/texmf-dist/tex/latex/base/utf8.def)
(/usr/local/texlive/2017/texmf-dist/tex/latex/base/utf8.def) [6]
(/usr/local/texlive/2017/texmf-dist/tex/latex/base/utf8.def)
(/usr/local/texlive/2017/texmf-dist/tex/latex/base/utf8.def)
(/usr/local/texlive/2017/texmf-dist/tex/latex/base/utf8.def)
Overfull \vbox (18.06589pt too high) has occurred while \output is active
[7] (/usr/local/texlive/2017/texmf-dist/tex/latex/base/utf8.def)
(/usr/local/texlive/2017/texmf-dist/tex/latex/base/utf8.def) [8] [9]
(/usr/local/texlive/2017/texmf-dist/tex/latex/base/utf8.def) [10] [11]
(/usr/local/texlive/2017/texmf-dist/tex/latex/base/utf8.def)
(/usr/local/texlive/2017/texmf-dist/tex/latex/base/utf8.def) [12]
(/usr/local/texlive/2017/texmf-dist/tex/latex/base/utf8.def) [13] [14]
(/usr/local/texlive/2017/texmf-dist/tex/latex/base/utf8.def)
(/usr/local/texlive/2017/texmf-dist/tex/latex/base/utf8.def)
(/usr/local/texlive/2017/texmf-dist/tex/latex/base/utf8.def) [15]
(/usr/local/texlive/2017/texmf-dist/tex/latex/base/utf8.def) [16]
Underfull \vbox (badness 10000) has occurred while \output is active [17]
(/usr/local/texlive/2017/texmf-dist/tex/latex/base/utf8.def)
(/usr/local/texlive/2017/texmf-dist/tex/latex/base/utf8.def)
Overfull \hbox (9.36734pt too wide) in paragraph at lines 962--963
[]\T1/ptm/m/n/10 Cobb, G. (1978). The prob-lem of the Nile: con-di-tional so-lu
-tion to a change-point prob-lem. Biometrika
(/usr/local/texlive/2017/texmf-dist/tex/latex/base/utf8.def) [18]
(/usr/local/texlive/2017/texmf-dist/tex/latex/base/utf8.def) [19]
(/usr/local/texlive/2017/texmf-dist/tex/latex/base/utf8.def) [20]
(/usr/local/texlive/2017/texmf-dist/tex/latex/base/utf8.def)
(/usr/local/texlive/2017/texmf-dist/tex/latex/base/utf8.def)
(/usr/local/texlive/2017/texmf-dist/tex/latex/base/utf8.def) [21]
Overfull \hbox (12.40799pt too wide) in paragraph at lines 1211--1215
[]\T1/ptm/m/n/10 messages are printed on the com-mand win-dow, de-scrib-ing pro
gress of the op-er-a-tion. If \T1/zi4/m/n/10 describe=TRUE
[22] (/usr/local/texlive/2017/texmf-dist/tex/latex/base/utf8.def)
(/usr/local/texlive/2017/texmf-dist/tex/latex/base/utf8.def) [23]
(/usr/local/texlive/2017/texmf-dist/tex/latex/base/utf8.def)
Overfull \hbox (57.2504pt too wide) in paragraph at lines 1347--1354
\T1/ptm/m/n/10 by the user are: \T1/zi4/m/n/10 h.select\T1/ptm/m/n/10 , \T1/zi4
/m/n/10 binning\T1/ptm/m/n/10 , \T1/zi4/m/n/10 sm.ancova\T1/ptm/m/n/10 , \T1/zi
4/m/n/10 sm.autoregression\T1/ptm/m/n/10 , \T1/zi4/m/n/10 sm.binomial\T1/ptm/m/
n/10 , \T1/zi4/m/n/10 sm.binomial.bootstrap\T1/ptm/m/n/10 ,

Overfull \hbox (4.401pt too wide) in paragraph at lines 1347--1354
\T1/zi4/m/n/10 sm.poisson\T1/ptm/m/n/10 , \T1/zi4/m/n/10 sm.poisson.bootstrap\T
1/ptm/m/n/10 , \T1/zi4/m/n/10 sm.options\T1/ptm/m/n/10 , \T1/zi4/m/n/10 sm.rm\T
1/ptm/m/n/10 , \T1/zi4/m/n/10 sm.script\T1/ptm/m/n/10 , \T1/zi4/m/n/10 sm.spher
e\T1/ptm/m/n/10 , \T1/zi4/m/n/10 sm.survival\T1/ptm/m/n/10 ,
[24]
Overfull \hbox (3.448pt too wide) in paragraph at lines 1365--1368
[]\T1/ptm/m/n/10 R ver-sion >= 3.1.0. Pack-ages \T1/zi4/m/n/10 gam \T1/ptm/m/n/
10 and \T1/zi4/m/n/10 akima \T1/ptm/m/n/10 are used by some of the scripts laun
ched via \T1/zi4/m/n/10 sm.script\T1/ptm/m/n/10 ,
(/usr/local/texlive/2017/texmf-dist/tex/latex/base/utf8.def) [25] [26]
(/usr/local/texlive/2017/texmf-dist/tex/latex/base/utf8.def) [27]
(/usr/local/texlive/2017/texmf-dist/tex/latex/base/utf8.def) [28]
(/usr/local/texlive/2017/texmf-dist/tex/latex/inconsolata/ts1zi4.fd)
(/usr/local/texlive/2017/texmf-dist/tex/latex/base/utf8.def) [29]
(/usr/local/texlive/2017/texmf-dist/tex/latex/base/utf8.def) [30] [31]
(/usr/local/texlive/2017/texmf-dist/tex/latex/base/utf8.def) [32]
(/usr/local/texlive/2017/texmf-dist/tex/latex/base/utf8.def) [33] [34] [35]
(/usr/local/texlive/2017/texmf-dist/tex/latex/base/utf8.def)
Overfull \hbox (8.98898pt too wide) in paragraph at lines 2222--2224
[]\T1/ptm/m/n/10 an in-di-ca-tor of whether the re-sponse vari-able is on a \T1
/zi4/m/n/10 "continuous" \T1/ptm/m/n/10 or \T1/zi4/m/n/10 "binomial"
[36]
Overfull \hbox (17.3482pt too wide) in paragraph at lines 2261--2265
[]\T1/ptm/m/n/10 a plot of the curves gen-er-ated by the boot-strap pro-ce-dure
 is pro-duced, un-less the op-tion \T1/zi4/m/n/10 display="none"

Overfull \hbox (31.77779pt too wide) in paragraph at lines 2268--2271
[]\T1/ptm/m/n/10 Bowman, A.W., Jones, M.C. and Gi-j-bels, I. (1998). Test-ing m
ono-tonic-ity of re-gres-sion. \T1/ptm/m/it/10 J.Comp.Graph.Stat.
(/usr/local/texlive/2017/texmf-dist/tex/latex/base/utf8.def) [37]
Overfull \hbox (2.06827pt too wide) in paragraph at lines 2334--2337
[]\T1/ptm/m/n/10 a pa-ram-e-ter, ly-ing be-tween 0 and 1, which con-trols the t
rans-parency
[38]
Overfull \hbox (69.07866pt too wide) in paragraph at lines 2370--2373
\T1/ptm/m/n/10 an rgl dis-play, for re-gres-sion with two co-vari-ates. De-faul
t: \T1/zi4/m/n/10 col.palette=topo.colors(12)\T1/ptm/m/n/10 . 

Overfull \hbox (17.81868pt too wide) in paragraph at lines 2388--2391
[]\T1/ptm/m/n/10 logical flag whi-ich af-fects the be-haviour of \T1/zi4/m/n/10
 sm.script \T1/ptm/m/n/10 and \T1/zi4/m/n/10 provide.data\T1/ptm/m/n/10 .

Overfull \hbox (36.19829pt too wide) in paragraph at lines 2392--2393
[]\T1/ptm/m/n/10 approximate degrees-of-freedom of the smooth-ing pa-ram-e-ter 
used in \T1/zi4/m/n/10 sm.regression\T1/ptm/m/n/10 ,

Overfull \hbox (27.0286pt too wide) in paragraph at lines 2417--2418
\T1/ptm/m/n/10 fomed at points ob-tained by the cross-product of the two column
s of \T1/zi4/m/n/10 eval.points\T1/ptm/m/n/10 .
[39] [40]
Overfull \hbox (25.27824pt too wide) in paragraph at lines 2555--2563
\T1/ptm/m/n/10 tings. The de-fault is \T1/zi4/m/n/10 "scaled"\T1/ptm/m/n/10 , w
hich uses the struc-ture (h*sd(x[,1]), h*sd(x[,2])).
[41] (/usr/local/texlive/2017/texmf-dist/tex/latex/base/utf8.def) [42]
Overfull \hbox (13.04996pt too wide) in paragraph at lines 2686--2687
\T1/ptm/m/n/10 this func-tion are \T1/zi4/m/n/10 display \T1/ptm/m/n/10 (\T1/zi
4/m/n/10 "eigenvalues"\T1/ptm/m/n/10 , \T1/zi4/m/n/10 "eigenvectors"\T1/ptm/m/n
/10 ), \T1/zi4/m/n/10 ngrid \T1/ptm/m/n/10 and \T1/zi4/m/n/10 df\T1/ptm/m/n/10 
. See \T1/zi4/m/n/10 link{sm.options}
[43] [44] (/usr/local/texlive/2017/texmf-dist/tex/latex/base/utf8.def)
Overfull \hbox (19.88994pt too wide) in paragraph at lines 2829--2842
\T1/zi4/m/n/10 eval.points\T1/ptm/m/n/10 , \T1/zi4/m/n/10 nbins\T1/ptm/m/n/10 ,
 \T1/zi4/m/n/10 ngrid\T1/ptm/m/n/10 , \T1/zi4/m/n/10 pch\T1/ptm/m/n/10 , \T1/zi
4/m/n/10 xlab\T1/ptm/m/n/10 , \T1/zi4/m/n/10 ylab\T1/ptm/m/n/10 ; see the doc-u
-men-ta-tion of [][]\T1/zi4/m/n/10 sm.options[][][]
[45] (/usr/local/texlive/2017/texmf-dist/tex/latex/base/utf8.def) [46]
(/usr/local/texlive/2017/texmf-dist/tex/latex/base/utf8.def) [47]
Overfull \hbox (9.56934pt too wide) in paragraph at lines 3018--3045
\T1/ptm/m/n/10 vant for this func-tion are the fol-low-ing: \T1/zi4/m/n/10 disp
lay\T1/ptm/m/n/10 , \T1/zi4/m/n/10 hmult\T1/ptm/m/n/10 , \T1/zi4/m/n/10 h.weigh
ts\T1/ptm/m/n/10 , \T1/zi4/m/n/10 poly.index\T1/ptm/m/n/10 ,

Overfull \hbox (30.99092pt too wide) in paragraph at lines 3018--3045
\T1/zi4/m/n/10 hull\T1/ptm/m/n/10 , \T1/zi4/m/n/10 panel\T1/ptm/m/n/10 , \T1/zi
4/m/n/10 panel.plot\T1/ptm/m/n/10 , \T1/zi4/m/n/10 lty\T1/ptm/m/n/10 , \T1/zi4/
m/n/10 col\T1/ptm/m/n/10 , \T1/zi4/m/n/10 col.band\T1/ptm/m/n/10 , \T1/zi4/m/n/
10 col.mesh\T1/ptm/m/n/10 , \T1/zi4/m/n/10 col.points\T1/ptm/m/n/10 , \T1/zi4/m
/n/10 col.palette\T1/ptm/m/n/10 ;
[48]
Overfull \hbox (23.92102pt too wide) in paragraph at lines 3129--3133
[][][]\T1/zi4/m/n/10 hcv[][][]\T1/ptm/m/n/10 , [][]\T1/zi4/m/n/10 sm[][][]\T1/p
tm/m/n/10 , [][]\T1/zi4/m/n/10 sm.ancova[][][]\T1/ptm/m/n/10 , [][]\T1/zi4/m/n/
10 sm.binomial[][][]\T1/ptm/m/n/10 , [][]\T1/zi4/m/n/10 sm.poisson[][][]\T1/ptm
/m/n/10 , [][]\T1/zi4/m/n/10 sm.regression.autocor[][][]\T1/ptm/m/n/10 , [][]\T
1/zi4/m/n/10 sm.survival[][][]\T1/ptm/m/n/10 , [][]\T1/zi4/m/n/10 sm.options[][
][]\T1/ptm/m/n/10 ,
[49] (/usr/local/texlive/2017/texmf-dist/tex/latex/base/utf8.def) [50]
(/usr/local/texlive/2017/texmf-dist/tex/latex/base/utf8.def)
Overfull \hbox (25.29898pt too wide) in paragraph at lines 3314--3317
[]\T1/ptm/m/n/10 poly.index over-all de-gree of locally-fitted poly-no-mial, as
 used by \T1/zi4/m/n/10 sm.regression\T1/ptm/m/n/10 .
[51] (/usr/local/texlive/2017/texmf-dist/tex/latex/base/utf8.def) [52]
(/usr/local/texlive/2017/texmf-dist/tex/latex/base/utf8.def) [53]
(/usr/local/texlive/2017/texmf-dist/tex/latex/base/utf8.def) [54] [55]
(/usr/local/texlive/2017/texmf-dist/tex/latex/base/utf8.def) [56]
(/usr/local/texlive/2017/texmf-dist/tex/latex/base/utf8.def) [57]
(/usr/local/texlive/2017/texmf-dist/tex/latex/base/utf8.def) [58]
(/usr/local/texlive/2017/texmf-dist/tex/latex/base/utf8.def) [59]
(/usr/local/texlive/2017/texmf-dist/tex/latex/base/utf8.def) [60] [61] [62]
Underfull \vbox (badness 10000) has occurred while \output is active [63]
(/usr/local/texlive/2017/texmf-dist/tex/latex/base/utf8.def)
(/usr/local/texlive/2017/texmf-dist/tex/latex/base/utf8.def)
(/usr/local/texlive/2017/texmf-dist/tex/latex/base/utf8.def) [64]
(/usr/local/texlive/2017/texmf-dist/tex/latex/base/utf8.def)
(/usr/local/texlive/2017/texmf-dist/tex/latex/base/utf8.def) [65]
(/usr/local/texlive/2017/texmf-dist/tex/latex/base/utf8.def)
(/usr/local/texlive/2017/texmf-dist/tex/latex/base/utf8.def)
(/private/var/folders/n8/g_bt9wl975lgkq_jqf34l2s40000gq/T/RtmpfTerrD/Rd2pdf1272
3c067187/Rd2.ind [66] [67] [68] [69])
(/private/var/folders/n8/g_bt9wl975lgkq_jqf34l2s40000gq/T/RtmpfTerrD/Rd2pdf1272
3c067187/Rd2.aux)

Package rerunfilecheck Warning: File `Rd2.out' has changed.
(rerunfilecheck)                Rerun to get outlines right
(rerunfilecheck)                or use package `bookmark'.

 )
(see the transcript file for additional information)pdfTeX warning (dest): name
{Rfn.optim} has been referenced but does not exist, replaced by a fixed one

pdfTeX warning (dest): name{Rfn.glm} has been referenced but does not exist, re
placed by a fixed one

pdfTeX warning (dest): name{Rfn.attach} has been referenced but does not exist,
 replaced by a fixed one

pdfTeX warning (dest): name{Rfn.data.frame} has been referenced but does not ex
ist, replaced by a fixed one

pdfTeX warning (dest): name{Rfn.faithful} has been referenced but does not exis
t, replaced by a fixed one

pdfTeX warning (dest): name{Rfn.table} has been referenced but does not exist, 
replaced by a fixed one

pdfTeX warning (dest): name{Rfn.cut} has been referenced but does not exist, re
placed by a fixed one

{/usr/local/texlive/2017/texmf-dist/fonts/enc/dvips/inconsolata/i4-ts1.enc}{/us
r/local/texlive/2017/texmf-dist/fonts/enc/dvips/base/8r.enc}{/usr/local/texlive
/2017/texmf-dist/fonts/enc/dvips/inconsolata/i4-t1-0.enc}</usr/local/texlive/20
17/texmf-dist/fonts/type1/public/inconsolata/Inconsolata-zi4r.pfb></usr/local/t
exlive/2017/texmf-dist/fonts/type1/public/amsfonts/cm/cmsy10.pfb></usr/local/te
xlive/2017/texmf-dist/fonts/type1/urw/helvetic/uhvr8a.pfb></usr/local/texlive/2
017/texmf-dist/fonts/type1/urw/times/utmb8a.pfb></usr/local/texlive/2017/texmf-
dist/fonts/type1/urw/times/utmr8a.pfb></usr/local/texlive/2017/texmf-dist/fonts
/type1/urw/times/utmr8a.pfb></usr/local/texlive/2017/texmf-dist/fonts/type1/urw
/times/utmri8a.pfb>
Output written on Rd2.pdf (69 pages, 266862 bytes).
Transcript written on Rd2.log.
This is makeindex, version 2.15 [TeX Live 2017] (kpathsea + Thai support).
Scanning input file Rd2.idx....done (308 entries accepted, 0 rejected).
Sorting entries.....done (2658 comparisons).
Generating output file Rd2.ind....done (328 lines written, 2 warnings).
Output written in Rd2.ind.
Transcript written in Rd2.ilg.
This is pdfTeX, Version 3.14159265-2.6-1.40.18 (TeX Live 2017) (preloaded format=pdflatex)
 restricted \write18 enabled.
entering extended mode
LaTeX2e <2017-04-15>
Babel <3.10> and hyphenation patterns for 84 language(s) loaded.

(./Rd2.tex
(/usr/local/texlive/2017/texmf-dist/tex/latex/base/book.cls
Document Class: book 2014/09/29 v1.4h Standard LaTeX document class
(/usr/local/texlive/2017/texmf-dist/tex/latex/base/bk10.clo))
(/Library/Frameworks/R.framework/Resources/share/texmf/tex/latex/Rd.sty
(/usr/local/texlive/2017/texmf-dist/tex/latex/base/ifthen.sty)
(/usr/local/texlive/2017/texmf-dist/tex/latex/tools/longtable.sty)
(/usr/local/texlive/2017/texmf-dist/tex/latex/tools/bm.sty)
(/usr/local/texlive/2017/texmf-dist/tex/latex/base/alltt.sty)
(/usr/local/texlive/2017/texmf-dist/tex/latex/tools/verbatim.sty)
(/usr/local/texlive/2017/texmf-dist/tex/latex/url/url.sty)
(/usr/local/texlive/2017/texmf-dist/tex/latex/base/textcomp.sty
(/usr/local/texlive/2017/texmf-dist/tex/latex/base/ts1enc.def))
(/usr/local/texlive/2017/texmf-dist/tex/latex/base/fontenc.sty
(/usr/local/texlive/2017/texmf-dist/tex/latex/base/t1enc.def))
(/usr/local/texlive/2017/texmf-dist/tex/latex/psnfss/times.sty)
(/usr/local/texlive/2017/texmf-dist/tex/latex/inconsolata/zi4.sty
`inconsolata-zi4' v1.112, 2017/01/04 Text macros for Inconsolata (msharpe)
(/usr/local/texlive/2017/texmf-dist/tex/latex/xkeyval/xkeyval.sty
(/usr/local/texlive/2017/texmf-dist/tex/generic/xkeyval/xkeyval.tex
(/usr/local/texlive/2017/texmf-dist/tex/generic/xkeyval/xkvutils.tex
(/usr/local/texlive/2017/texmf-dist/tex/generic/xkeyval/keyval.tex)))))
(/usr/local/texlive/2017/texmf-dist/tex/latex/graphics/color.sty
(/usr/local/texlive/2017/texmf-dist/tex/latex/graphics-cfg/color.cfg)
(/usr/local/texlive/2017/texmf-dist/tex/latex/graphics-def/pdftex.def
(/usr/local/texlive/2017/texmf-dist/tex/generic/oberdiek/infwarerr.sty)
(/usr/local/texlive/2017/texmf-dist/tex/generic/oberdiek/ltxcmds.sty)))
(/usr/local/texlive/2017/texmf-dist/tex/latex/hyperref/hyperref.sty
(/usr/local/texlive/2017/texmf-dist/tex/generic/oberdiek/hobsub-hyperref.sty
(/usr/local/texlive/2017/texmf-dist/tex/generic/oberdiek/hobsub-generic.sty))
(/usr/local/texlive/2017/texmf-dist/tex/generic/ifxetex/ifxetex.sty)
(/usr/local/texlive/2017/texmf-dist/tex/latex/oberdiek/auxhook.sty)
(/usr/local/texlive/2017/texmf-dist/tex/latex/oberdiek/kvoptions.sty)
(/usr/local/texlive/2017/texmf-dist/tex/latex/hyperref/pd1enc.def)
(/usr/local/texlive/2017/texmf-dist/tex/latex/latexconfig/hyperref.cfg))

Package hyperref Message: Driver (autodetected): hpdftex.

(/usr/local/texlive/2017/texmf-dist/tex/latex/hyperref/hpdftex.def
(/usr/local/texlive/2017/texmf-dist/tex/latex/oberdiek/rerunfilecheck.sty))

Package hyperref Warning: Option `hyperindex' has already been used,
(hyperref)                setting the option has no effect on input line 377.


Package hyperref Warning: Option `pagebackref' has already been used,
(hyperref)                setting the option has no effect on input line 377.

) (/usr/local/texlive/2017/texmf-dist/tex/latex/base/makeidx.sty)
(/usr/local/texlive/2017/texmf-dist/tex/latex/base/inputenc.sty
(/usr/local/texlive/2017/texmf-dist/tex/latex/base/utf8.def
(/usr/local/texlive/2017/texmf-dist/tex/latex/base/t1enc.dfu)
(/usr/local/texlive/2017/texmf-dist/tex/latex/base/ot1enc.dfu)
(/usr/local/texlive/2017/texmf-dist/tex/latex/base/omsenc.dfu)
(/usr/local/texlive/2017/texmf-dist/tex/latex/base/ts1enc.dfu))
(/usr/local/texlive/2017/texmf-dist/tex/latex/base/latin1.def))
Writing index file Rd2.idx

(/private/var/folders/n8/g_bt9wl975lgkq_jqf34l2s40000gq/T/RtmpfTerrD/Rd2pdf1272
3c067187/Rd2.aux) (/usr/local/texlive/2017/texmf-dist/tex/latex/base/ts1cmr.fd)
(/usr/local/texlive/2017/texmf-dist/tex/latex/psnfss/t1ptm.fd)
(/usr/local/texlive/2017/texmf-dist/tex/context/base/mkii/supp-pdf.mkii
[Loading MPS to PDF converter (version 2006.09.02).]
) (/usr/local/texlive/2017/texmf-dist/tex/latex/hyperref/nameref.sty
(/usr/local/texlive/2017/texmf-dist/tex/generic/oberdiek/gettitlestring.sty))
(/private/var/folders/n8/g_bt9wl975lgkq_jqf34l2s40000gq/T/RtmpfTerrD/Rd2pdf1272
3c067187/Rd2.out)
(/private/var/folders/n8/g_bt9wl975lgkq_jqf34l2s40000gq/T/RtmpfTerrD/Rd2pdf1272
3c067187/Rd2.out)
(/usr/local/texlive/2017/texmf-dist/tex/latex/inconsolata/t1zi4.fd)
(/usr/local/texlive/2017/texmf-dist/tex/latex/psnfss/ts1ptm.fd)
(/usr/local/texlive/2017/texmf-dist/tex/latex/psnfss/t1phv.fd)
(/private/var/folders/n8/g_bt9wl975lgkq_jqf34l2s40000gq/T/RtmpfTerrD/Rd2pdf1272
3c067187/Rd2.toc [1{/usr/local/texlive/2017/texmf-var/fonts/map/pdftex/updmap/p
dftex.map}]) (/usr/local/texlive/2017/texmf-dist/tex/latex/base/utf8.def)
[2] (/usr/local/texlive/2017/texmf-dist/tex/latex/base/utf8.def)
(/usr/local/texlive/2017/texmf-dist/tex/latex/base/utf8.def) [3]
Overfull \hbox (3.32986pt too wide) in paragraph at lines 125--130
\T1/ptm/m/n/10 Specif-i-cally, it is used by \T1/zi4/m/n/10 sm.density\T1/ptm/m
/n/10 , \T1/zi4/m/n/10 sm.regression\T1/ptm/m/n/10 , \T1/zi4/m/n/10 sm.ancova\T
1/ptm/m/n/10 , \T1/zi4/m/n/10 sm.binomial \T1/ptm/m/n/10 and \T1/zi4/m/n/10 sm.
poisson\T1/ptm/m/n/10 . 
(/usr/local/texlive/2017/texmf-dist/tex/latex/base/utf8.def) [4]
(/usr/local/texlive/2017/texmf-dist/tex/latex/base/utf8.def)
(/usr/local/texlive/2017/texmf-dist/tex/latex/base/utf8.def) [5]
(/usr/local/texlive/2017/texmf-dist/tex/latex/base/utf8.def)
(/usr/local/texlive/2017/texmf-dist/tex/latex/base/utf8.def)
(/usr/local/texlive/2017/texmf-dist/tex/latex/base/utf8.def) [6]
(/usr/local/texlive/2017/texmf-dist/tex/latex/base/utf8.def)
(/usr/local/texlive/2017/texmf-dist/tex/latex/base/utf8.def)
(/usr/local/texlive/2017/texmf-dist/tex/latex/base/utf8.def)
Overfull \vbox (18.06589pt too high) has occurred while \output is active
[7] (/usr/local/texlive/2017/texmf-dist/tex/latex/base/utf8.def)
(/usr/local/texlive/2017/texmf-dist/tex/latex/base/utf8.def) [8] [9]
(/usr/local/texlive/2017/texmf-dist/tex/latex/base/utf8.def) [10] [11]
(/usr/local/texlive/2017/texmf-dist/tex/latex/base/utf8.def)
(/usr/local/texlive/2017/texmf-dist/tex/latex/base/utf8.def) [12]
(/usr/local/texlive/2017/texmf-dist/tex/latex/base/utf8.def) [13] [14]
(/usr/local/texlive/2017/texmf-dist/tex/latex/base/utf8.def)
(/usr/local/texlive/2017/texmf-dist/tex/latex/base/utf8.def)
(/usr/local/texlive/2017/texmf-dist/tex/latex/base/utf8.def) [15]
(/usr/local/texlive/2017/texmf-dist/tex/latex/base/utf8.def) [16]
Underfull \vbox (badness 10000) has occurred while \output is active [17]
(/usr/local/texlive/2017/texmf-dist/tex/latex/base/utf8.def)
(/usr/local/texlive/2017/texmf-dist/tex/latex/base/utf8.def)
Overfull \hbox (9.36734pt too wide) in paragraph at lines 962--963
[]\T1/ptm/m/n/10 Cobb, G. (1978). The prob-lem of the Nile: con-di-tional so-lu
-tion to a change-point prob-lem. Biometrika
(/usr/local/texlive/2017/texmf-dist/tex/latex/base/utf8.def) [18]
(/usr/local/texlive/2017/texmf-dist/tex/latex/base/utf8.def) [19]
(/usr/local/texlive/2017/texmf-dist/tex/latex/base/utf8.def) [20]
(/usr/local/texlive/2017/texmf-dist/tex/latex/base/utf8.def)
(/usr/local/texlive/2017/texmf-dist/tex/latex/base/utf8.def)
(/usr/local/texlive/2017/texmf-dist/tex/latex/base/utf8.def) [21]
Overfull \hbox (12.40799pt too wide) in paragraph at lines 1211--1215
[]\T1/ptm/m/n/10 messages are printed on the com-mand win-dow, de-scrib-ing pro
gress of the op-er-a-tion. If \T1/zi4/m/n/10 describe=TRUE
[22] (/usr/local/texlive/2017/texmf-dist/tex/latex/base/utf8.def)
(/usr/local/texlive/2017/texmf-dist/tex/latex/base/utf8.def) [23]
(/usr/local/texlive/2017/texmf-dist/tex/latex/base/utf8.def)
Overfull \hbox (57.2504pt too wide) in paragraph at lines 1347--1354
\T1/ptm/m/n/10 by the user are: \T1/zi4/m/n/10 h.select\T1/ptm/m/n/10 , \T1/zi4
/m/n/10 binning\T1/ptm/m/n/10 , \T1/zi4/m/n/10 sm.ancova\T1/ptm/m/n/10 , \T1/zi
4/m/n/10 sm.autoregression\T1/ptm/m/n/10 , \T1/zi4/m/n/10 sm.binomial\T1/ptm/m/
n/10 , \T1/zi4/m/n/10 sm.binomial.bootstrap\T1/ptm/m/n/10 ,

Overfull \hbox (4.401pt too wide) in paragraph at lines 1347--1354
\T1/zi4/m/n/10 sm.poisson\T1/ptm/m/n/10 , \T1/zi4/m/n/10 sm.poisson.bootstrap\T
1/ptm/m/n/10 , \T1/zi4/m/n/10 sm.options\T1/ptm/m/n/10 , \T1/zi4/m/n/10 sm.rm\T
1/ptm/m/n/10 , \T1/zi4/m/n/10 sm.script\T1/ptm/m/n/10 , \T1/zi4/m/n/10 sm.spher
e\T1/ptm/m/n/10 , \T1/zi4/m/n/10 sm.survival\T1/ptm/m/n/10 ,
[24]
Overfull \hbox (3.448pt too wide) in paragraph at lines 1365--1368
[]\T1/ptm/m/n/10 R ver-sion >= 3.1.0. Pack-ages \T1/zi4/m/n/10 gam \T1/ptm/m/n/
10 and \T1/zi4/m/n/10 akima \T1/ptm/m/n/10 are used by some of the scripts laun
ched via \T1/zi4/m/n/10 sm.script\T1/ptm/m/n/10 ,
(/usr/local/texlive/2017/texmf-dist/tex/latex/base/utf8.def) [25] [26]
(/usr/local/texlive/2017/texmf-dist/tex/latex/base/utf8.def) [27]
(/usr/local/texlive/2017/texmf-dist/tex/latex/base/utf8.def) [28]
(/usr/local/texlive/2017/texmf-dist/tex/latex/inconsolata/ts1zi4.fd)
(/usr/local/texlive/2017/texmf-dist/tex/latex/base/utf8.def) [29]
(/usr/local/texlive/2017/texmf-dist/tex/latex/base/utf8.def) [30] [31]
(/usr/local/texlive/2017/texmf-dist/tex/latex/base/utf8.def) [32]
(/usr/local/texlive/2017/texmf-dist/tex/latex/base/utf8.def) [33] [34] [35]
(/usr/local/texlive/2017/texmf-dist/tex/latex/base/utf8.def)
Overfull \hbox (8.98898pt too wide) in paragraph at lines 2222--2224
[]\T1/ptm/m/n/10 an in-di-ca-tor of whether the re-sponse vari-able is on a \T1
/zi4/m/n/10 "continuous" \T1/ptm/m/n/10 or \T1/zi4/m/n/10 "binomial"
[36]
Overfull \hbox (17.3482pt too wide) in paragraph at lines 2261--2265
[]\T1/ptm/m/n/10 a plot of the curves gen-er-ated by the boot-strap pro-ce-dure
 is pro-duced, un-less the op-tion \T1/zi4/m/n/10 display="none"

Overfull \hbox (31.77779pt too wide) in paragraph at lines 2268--2271
[]\T1/ptm/m/n/10 Bowman, A.W., Jones, M.C. and Gi-j-bels, I. (1998). Test-ing m
ono-tonic-ity of re-gres-sion. \T1/ptm/m/it/10 J.Comp.Graph.Stat.
(/usr/local/texlive/2017/texmf-dist/tex/latex/base/utf8.def) [37]
Overfull \hbox (2.06827pt too wide) in paragraph at lines 2334--2337
[]\T1/ptm/m/n/10 a pa-ram-e-ter, ly-ing be-tween 0 and 1, which con-trols the t
rans-parency
[38]
Overfull \hbox (69.07866pt too wide) in paragraph at lines 2370--2373
\T1/ptm/m/n/10 an rgl dis-play, for re-gres-sion with two co-vari-ates. De-faul
t: \T1/zi4/m/n/10 col.palette=topo.colors(12)\T1/ptm/m/n/10 . 

Overfull \hbox (17.81868pt too wide) in paragraph at lines 2388--2391
[]\T1/ptm/m/n/10 logical flag whi-ich af-fects the be-haviour of \T1/zi4/m/n/10
 sm.script \T1/ptm/m/n/10 and \T1/zi4/m/n/10 provide.data\T1/ptm/m/n/10 .

Overfull \hbox (36.19829pt too wide) in paragraph at lines 2392--2393
[]\T1/ptm/m/n/10 approximate degrees-of-freedom of the smooth-ing pa-ram-e-ter 
used in \T1/zi4/m/n/10 sm.regression\T1/ptm/m/n/10 ,

Overfull \hbox (27.0286pt too wide) in paragraph at lines 2417--2418
\T1/ptm/m/n/10 fomed at points ob-tained by the cross-product of the two column
s of \T1/zi4/m/n/10 eval.points\T1/ptm/m/n/10 .
[39] [40]
Overfull \hbox (25.27824pt too wide) in paragraph at lines 2555--2563
\T1/ptm/m/n/10 tings. The de-fault is \T1/zi4/m/n/10 "scaled"\T1/ptm/m/n/10 , w
hich uses the struc-ture (h*sd(x[,1]), h*sd(x[,2])).
[41] (/usr/local/texlive/2017/texmf-dist/tex/latex/base/utf8.def) [42]
Overfull \hbox (13.04996pt too wide) in paragraph at lines 2686--2687
\T1/ptm/m/n/10 this func-tion are \T1/zi4/m/n/10 display \T1/ptm/m/n/10 (\T1/zi
4/m/n/10 "eigenvalues"\T1/ptm/m/n/10 , \T1/zi4/m/n/10 "eigenvectors"\T1/ptm/m/n
/10 ), \T1/zi4/m/n/10 ngrid \T1/ptm/m/n/10 and \T1/zi4/m/n/10 df\T1/ptm/m/n/10 
. See \T1/zi4/m/n/10 link{sm.options}
[43] [44] (/usr/local/texlive/2017/texmf-dist/tex/latex/base/utf8.def)
Overfull \hbox (19.88994pt too wide) in paragraph at lines 2829--2842
\T1/zi4/m/n/10 eval.points\T1/ptm/m/n/10 , \T1/zi4/m/n/10 nbins\T1/ptm/m/n/10 ,
 \T1/zi4/m/n/10 ngrid\T1/ptm/m/n/10 , \T1/zi4/m/n/10 pch\T1/ptm/m/n/10 , \T1/zi
4/m/n/10 xlab\T1/ptm/m/n/10 , \T1/zi4/m/n/10 ylab\T1/ptm/m/n/10 ; see the doc-u
-men-ta-tion of [][]\T1/zi4/m/n/10 sm.options[][][]
[45] (/usr/local/texlive/2017/texmf-dist/tex/latex/base/utf8.def) [46]
(/usr/local/texlive/2017/texmf-dist/tex/latex/base/utf8.def) [47]
Overfull \hbox (9.56934pt too wide) in paragraph at lines 3018--3045
\T1/ptm/m/n/10 vant for this func-tion are the fol-low-ing: \T1/zi4/m/n/10 disp
lay\T1/ptm/m/n/10 , \T1/zi4/m/n/10 hmult\T1/ptm/m/n/10 , \T1/zi4/m/n/10 h.weigh
ts\T1/ptm/m/n/10 , \T1/zi4/m/n/10 poly.index\T1/ptm/m/n/10 ,

Overfull \hbox (30.99092pt too wide) in paragraph at lines 3018--3045
\T1/zi4/m/n/10 hull\T1/ptm/m/n/10 , \T1/zi4/m/n/10 panel\T1/ptm/m/n/10 , \T1/zi
4/m/n/10 panel.plot\T1/ptm/m/n/10 , \T1/zi4/m/n/10 lty\T1/ptm/m/n/10 , \T1/zi4/
m/n/10 col\T1/ptm/m/n/10 , \T1/zi4/m/n/10 col.band\T1/ptm/m/n/10 , \T1/zi4/m/n/
10 col.mesh\T1/ptm/m/n/10 , \T1/zi4/m/n/10 col.points\T1/ptm/m/n/10 , \T1/zi4/m
/n/10 col.palette\T1/ptm/m/n/10 ;
[48]
Overfull \hbox (23.92102pt too wide) in paragraph at lines 3129--3133
[][][]\T1/zi4/m/n/10 hcv[][][]\T1/ptm/m/n/10 , [][]\T1/zi4/m/n/10 sm[][][]\T1/p
tm/m/n/10 , [][]\T1/zi4/m/n/10 sm.ancova[][][]\T1/ptm/m/n/10 , [][]\T1/zi4/m/n/
10 sm.binomial[][][]\T1/ptm/m/n/10 , [][]\T1/zi4/m/n/10 sm.poisson[][][]\T1/ptm
/m/n/10 , [][]\T1/zi4/m/n/10 sm.regression.autocor[][][]\T1/ptm/m/n/10 , [][]\T
1/zi4/m/n/10 sm.survival[][][]\T1/ptm/m/n/10 , [][]\T1/zi4/m/n/10 sm.options[][
][]\T1/ptm/m/n/10 ,
[49] (/usr/local/texlive/2017/texmf-dist/tex/latex/base/utf8.def) [50]
(/usr/local/texlive/2017/texmf-dist/tex/latex/base/utf8.def)
Overfull \hbox (25.29898pt too wide) in paragraph at lines 3314--3317
[]\T1/ptm/m/n/10 poly.index over-all de-gree of locally-fitted poly-no-mial, as
 used by \T1/zi4/m/n/10 sm.regression\T1/ptm/m/n/10 .
[51] (/usr/local/texlive/2017/texmf-dist/tex/latex/base/utf8.def) [52]
(/usr/local/texlive/2017/texmf-dist/tex/latex/base/utf8.def) [53]
(/usr/local/texlive/2017/texmf-dist/tex/latex/base/utf8.def) [54] [55]
(/usr/local/texlive/2017/texmf-dist/tex/latex/base/utf8.def) [56]
(/usr/local/texlive/2017/texmf-dist/tex/latex/base/utf8.def) [57]
(/usr/local/texlive/2017/texmf-dist/tex/latex/base/utf8.def) [58]
(/usr/local/texlive/2017/texmf-dist/tex/latex/base/utf8.def) [59]
(/usr/local/texlive/2017/texmf-dist/tex/latex/base/utf8.def) [60] [61] [62]
Underfull \vbox (badness 10000) has occurred while \output is active [63]
(/usr/local/texlive/2017/texmf-dist/tex/latex/base/utf8.def)
(/usr/local/texlive/2017/texmf-dist/tex/latex/base/utf8.def)
(/usr/local/texlive/2017/texmf-dist/tex/latex/base/utf8.def) [64]
(/usr/local/texlive/2017/texmf-dist/tex/latex/base/utf8.def)
(/usr/local/texlive/2017/texmf-dist/tex/latex/base/utf8.def) [65]
(/usr/local/texlive/2017/texmf-dist/tex/latex/base/utf8.def)
(/usr/local/texlive/2017/texmf-dist/tex/latex/base/utf8.def)
(/private/var/folders/n8/g_bt9wl975lgkq_jqf34l2s40000gq/T/RtmpfTerrD/Rd2pdf1272
3c067187/Rd2.ind [66] [67] [68] [69])
(/private/var/folders/n8/g_bt9wl975lgkq_jqf34l2s40000gq/T/RtmpfTerrD/Rd2pdf1272
3c067187/Rd2.aux) )
(see the transcript file for additional information)pdfTeX warning (dest): name
{Rfn.optim} has been referenced but does not exist, replaced by a fixed one

pdfTeX warning (dest): name{Rfn.glm} has been referenced but does not exist, re
placed by a fixed one

pdfTeX warning (dest): name{Rfn.attach} has been referenced but does not exist,
 replaced by a fixed one

pdfTeX warning (dest): name{Rfn.data.frame} has been referenced but does not ex
ist, replaced by a fixed one

pdfTeX warning (dest): name{Rfn.faithful} has been referenced but does not exis
t, replaced by a fixed one

pdfTeX warning (dest): name{Rfn.table} has been referenced but does not exist, 
replaced by a fixed one

pdfTeX warning (dest): name{Rfn.cut} has been referenced but does not exist, re
placed by a fixed one

{/usr/local/texlive/2017/texmf-dist/fonts/enc/dvips/inconsolata/i4-ts1.enc}{/us
r/local/texlive/2017/texmf-dist/fonts/enc/dvips/base/8r.enc}{/usr/local/texlive
/2017/texmf-dist/fonts/enc/dvips/inconsolata/i4-t1-0.enc}</usr/local/texlive/20
17/texmf-dist/fonts/type1/public/inconsolata/Inconsolata-zi4r.pfb></usr/local/t
exlive/2017/texmf-dist/fonts/type1/public/amsfonts/cm/cmsy10.pfb></usr/local/te
xlive/2017/texmf-dist/fonts/type1/urw/helvetic/uhvr8a.pfb></usr/local/texlive/2
017/texmf-dist/fonts/type1/urw/times/utmb8a.pfb></usr/local/texlive/2017/texmf-
dist/fonts/type1/urw/times/utmr8a.pfb></usr/local/texlive/2017/texmf-dist/fonts
/type1/urw/times/utmr8a.pfb></usr/local/texlive/2017/texmf-dist/fonts/type1/urw
/times/utmri8a.pfb>
Output written on Rd2.pdf (69 pages, 267012 bytes).
Transcript written on Rd2.log.
Saving output to sm-manual.pdf ...
Done
You may want to clean up by 'rm -Rf /var/folders/n8/g_bt9wl975lgkq_jqf34l2s40000gq/T//RtmpfTerrD/Rd2pdf12723c067187'
